<?xml version="1.0" encoding="UTF-8"?>
<!-- Generated by org.testng.reporters.JUnitReportReporter -->
<testsuite skipped="0" hostname="ADMIN-PC" name="com.VB.MavenRestFramework.SampleTestOne" tests="3" failures="0" timestamp="29 Jan 2019 02:45:28 GMT" time="18.922" errors="0">
  <testcase name="testTwo" time="6.377" classname="com.VB.MavenRestFramework.SampleTestOne"/>
  <testcase name="testOne" time="5.873" classname="com.VB.MavenRestFramework.SampleTestOne"/>
  <testcase name="testThree" time="6.672" classname="com.VB.MavenRestFramework.SampleTestOne"/>
</testsuite> <!-- com.VB.MavenRestFramework.SampleTestOne -->
