<?xml version="1.0" encoding="UTF-8"?>
<!-- Generated by org.testng.reporters.JUnitReportReporter -->
<testsuite skipped="0" hostname="ADMIN-PC" name="com.VB.MavenRestFramework.SampleTestTwo" tests="3" failures="0" timestamp="29 Jan 2019 02:45:28 GMT" time="29.271" errors="0">
  <testcase name="testTwo" time="5.736" classname="com.VB.MavenRestFramework.SampleTestTwo"/>
  <testcase name="testThree" time="17.106" classname="com.VB.MavenRestFramework.SampleTestTwo"/>
  <testcase name="testOne" time="6.429" classname="com.VB.MavenRestFramework.SampleTestTwo"/>
</testsuite> <!-- com.VB.MavenRestFramework.SampleTestTwo -->
