<?xml version="1.0" encoding="UTF-8"?>
<!-- Generated by org.testng.reporters.JUnitReportReporter -->
<testsuite skipped="0" hostname="ADMIN-PC" name="com.VB.MavenRestFramework.SampleTestTwo" tests="3" failures="0" timestamp="29 Jan 2019 17:03:38 GMT" time="28.797" errors="0">
  <testcase name="testThree" time="8.751" classname="com.VB.MavenRestFramework.SampleTestTwo"/>
  <testcase name="testTwo" time="9.603" classname="com.VB.MavenRestFramework.SampleTestTwo"/>
  <testcase name="testOne" time="10.443" classname="com.VB.MavenRestFramework.SampleTestTwo"/>
</testsuite> <!-- com.VB.MavenRestFramework.SampleTestTwo -->
