<?xml version="1.0" encoding="UTF-8"?>
<!-- Generated by org.testng.reporters.JUnitReportReporter -->
<testsuite skipped="0" hostname="ADMIN-PC" name="com.VB.MavenRestFramework.SampleTestOne" tests="3" failures="0" timestamp="29 Jan 2019 17:03:38 GMT" time="37.542" errors="0">
  <testcase name="testThree" time="13.979" classname="com.VB.MavenRestFramework.SampleTestOne"/>
  <testcase name="testTwo" time="10.315" classname="com.VB.MavenRestFramework.SampleTestOne"/>
  <testcase name="testOne" time="13.248" classname="com.VB.MavenRestFramework.SampleTestOne"/>
</testsuite> <!-- com.VB.MavenRestFramework.SampleTestOne -->
